2013.11.05 18:50:48 org.jivesoftware.util.log.util.CommonsLogFactory - Proxool 0.9.0RC3+ (February 6 2008)
2013.11.05 18:50:48 org.jivesoftware.util.log.util.CommonsLogFactory - Recognised proxool property: proxool.driver=com.mysql.jdbc.Driver
2013.11.05 18:50:48 org.jivesoftware.util.log.util.CommonsLogFactory - Recognised proxool property: proxool.url=jdbc:mysql://127.0.01:3306/openfire?rewriteBatchedStatements=true&useUnicode=true&characterEncoding=utf-8
2013.11.05 18:50:48 org.jivesoftware.util.log.util.CommonsLogFactory - Recognised proxool property: proxool.minimum-connection-count=5
2013.11.05 18:50:48 org.jivesoftware.util.log.util.CommonsLogFactory - Delegating property to driver: user=root
2013.11.05 18:50:48 org.jivesoftware.util.log.util.CommonsLogFactory - Recognised proxool property: proxool.maximum-connection-lifetime=86400000
2013.11.05 18:50:48 org.jivesoftware.util.log.util.CommonsLogFactory - Delegating property to driver: password=********
2013.11.05 18:50:48 org.jivesoftware.util.log.util.CommonsLogFactory - Recognised proxool property: proxool.maximum-connection-count=25
2013.11.05 18:50:48 org.jivesoftware.util.log.util.CommonsLogFactory - Recognised proxool property: proxool.house-keeping-test-sql=select 1
2013.11.05 18:50:48 org.jivesoftware.util.log.util.CommonsLogFactory - Registered shutdownHook
2013.11.05 18:50:48 org.jivesoftware.util.log.util.CommonsLogFactory - Registering 'openfire' house keeper
2013.11.05 18:50:48 org.jivesoftware.util.log.util.CommonsLogFactory - Starting a house keeper thread
2013.11.05 18:50:48 org.jivesoftware.util.log.util.CommonsLogFactory - Remembering default value: getTransactionIsolation() = 4
2013.11.05 18:50:48 org.jivesoftware.util.log.util.CommonsLogFactory - Remembering default value: getHoldability() = 2
2013.11.05 18:50:48 org.jivesoftware.util.log.util.CommonsLogFactory - Remembering default value: getCatalog() = openfire
2013.11.05 18:50:48 org.jivesoftware.util.log.util.CommonsLogFactory - Remembering default value: isReadOnly() = false
2013.11.05 18:50:48 org.jivesoftware.util.log.util.CommonsLogFactory - Remembering default value: getTypeMap() = {}
2013.11.05 18:50:48 org.jivesoftware.util.log.util.CommonsLogFactory - Proxool statistics legend: "s - r  (a/t/o)" > s=served, r=refused (only shown if non-zero), a=active, t=total, o=offline (being tested)
2013.11.05 18:50:48 org.jivesoftware.util.log.util.CommonsLogFactory - Proxool statistics legend: "s - r  (a/t/o)" > s=served, r=refused (only shown if non-zero), a=active, t=total, o=offline (being tested)
2013.11.05 18:50:48 org.jivesoftware.util.log.util.CommonsLogFactory - 000000 (01/02/00) - Connection #1 created on demand = ACTIVE
2013.11.05 18:50:48 org.jivesoftware.util.log.util.CommonsLogFactory - 000000 (01/02/00) - Connection #2 created to achieve minimum of 5 = AVAILABLE
2013.11.05 18:50:48 org.jivesoftware.util.log.util.CommonsLogFactory - 000001 (01/03/00) - Connection #3 created to achieve minimum of 5 = AVAILABLE
2013.11.05 18:50:48 org.jivesoftware.util.log.util.CommonsLogFactory - 000001 (01/04/00) - Connection #4 created to achieve minimum of 5 = AVAILABLE
2013.11.05 18:50:48 org.jivesoftware.util.log.util.CommonsLogFactory - 000001 (01/05/00) - Connection #5 created to achieve minimum of 5 = AVAILABLE
2013.11.05 18:50:48 org.jivesoftware.util.log.util.CommonsLogFactory - Implementing interface com.mysql.jdbc.Connection
2013.11.05 18:50:48 org.jivesoftware.util.log.util.CommonsLogFactory - Implementing interface java.sql.Connection
2013.11.05 18:50:48 org.jivesoftware.util.log.util.CommonsLogFactory - Implementing interface com.mysql.jdbc.MySQLConnection
2013.11.05 18:50:48 org.jivesoftware.util.log.util.CommonsLogFactory - Implementing interface com.mysql.jdbc.ConnectionProperties
2013.11.05 18:50:48 org.jivesoftware.util.log.util.CommonsLogFactory - Implementing interface java.sql.Wrapper
2013.11.05 18:50:48 org.jivesoftware.util.log.util.CommonsLogFactory - Implementing interface java.io.Serializable
2013.11.05 18:50:49 org.jivesoftware.util.log.util.CommonsLogFactory - Implementing interface java.sql.DatabaseMetaData
2013.11.05 18:50:49 org.jivesoftware.util.log.util.CommonsLogFactory - Implementing interface java.sql.Wrapper
2013.11.05 18:50:49 org.jivesoftware.util.log.util.CommonsLogFactory - Implementing interface java.sql.Statement
2013.11.05 18:50:49 org.jivesoftware.util.log.util.CommonsLogFactory - Implementing interface java.sql.PreparedStatement
2013.11.05 18:50:49 org.jivesoftware.util.log.util.CommonsLogFactory - Implementing interface com.mysql.jdbc.Statement
2013.11.05 18:50:49 org.jivesoftware.util.log.util.CommonsLogFactory - Implementing interface java.sql.Wrapper
2013.11.05 18:50:49 org.jivesoftware.openfire.clearspace.ClearspaceManager - ClearspaceManager: Created new ClearspaceManager() instance, fields:
	 URI: null
	 sharedSecret: null

2013.11.05 18:50:49 org.jivesoftware.util.log.util.CommonsLogFactory - 000008 (01/05/00) - #2 registered a statement as closed which wasn't known to be open. This could happen if you close a statement twice.
2013.11.05 18:50:49 org.jivesoftware.openfire.pep.IQPEPHandler - Starting executor service...
2013.11.05 18:50:49 org.jivesoftware.openfire.FlashCrossDomainHandler - Flash cross domain is listening on null on port 5229
2013.11.05 18:50:49 org.jivesoftware.openfire.muc.MultiUserChatManager - MultiUserChatManager: Registering MUC service conference
2013.11.05 18:50:49 org.jivesoftware.openfire.component.InternalComponentManager - InternalComponentManager: Registering component for domain: conference
2013.11.05 18:50:49 org.jivesoftware.openfire.component.InternalComponentManager - InternalComponentManager: Component registered for domain: conference
2013.11.05 18:50:50 org.jivesoftware.openfire.container.PluginManager - PluginManager: Loading plugin admin
2013.11.05 18:50:50 org.jivesoftware.util.CertificateManager - Check for certificate for '*' using algorithm RSA returned: true
2013.11.05 18:50:50 org.jivesoftware.util.CertificateManager - Parsing otherName for subject alternative names: 1.3.6.1.5.5.7.8.5
2013.11.05 18:50:50 org.jivesoftware.util.CertificateManager - ... processing DERTaggedObject: [0][0]*.lover
2013.11.05 18:50:50 org.jivesoftware.util.CertificateManager - Parsing otherName for subject alternative names: 1.3.6.1.5.5.7.8.5
2013.11.05 18:50:50 org.jivesoftware.util.CertificateManager - ... processing DERTaggedObject: [0][0]*.lover
2013.11.05 18:50:50 org.jivesoftware.util.CertificateManager - Parsing otherName for subject alternative names: 1.3.6.1.5.5.7.8.5
2013.11.05 18:50:50 org.jivesoftware.util.CertificateManager - ... processing DERTaggedObject: [0][0]*.127.0.0.1
2013.11.05 18:50:50 org.jivesoftware.util.CertificateManager - Parsing otherName for subject alternative names: 1.3.6.1.5.5.7.8.5
2013.11.05 18:50:50 org.jivesoftware.util.CertificateManager - ... processing DERTaggedObject: [0][0]*.127.0.0.1
2013.11.05 18:50:50 org.jivesoftware.util.CertificateManager - Check for certificate for 'pressure' using algorithm RSA returned: false
2013.11.05 18:50:50 org.jivesoftware.util.log.util.CommonsLogFactory - Parent class loader is: WebAppClassLoader=Openfire@15151aa
2013.11.05 18:50:50 org.jivesoftware.util.log.util.CommonsLogFactory - Compilation classpath initialized: /Users/eason/code/pressure/Pressure/server/openfire_src/target/openfire/plugins/admin/webapp/WEB-INF/lib/admin-jsp.jar:/Users/eason/code/pressure/Pressure/server/openfire_src/target/openfire/plugins/admin/webapp/WEB-INF/lib/commons-fileupload.jar:/Users/eason/code/pressure/Pressure/server/openfire_src/target/openfire/plugins/admin/webapp/WEB-INF/lib/commons-io.jar:/Users/eason/code/pressure/Pressure/server/openfire_src/target/openfire/plugins/admin/webapp/WEB-INF/lib/dwr.jar:/Users/eason/code/pressure/Pressure/server/openfire_src/work/jetty-0.0.0.0-9090-webapp-_-any-/jsp:/Users/eason/code/pressure/Pressure/server/openfire_src/target/openfire/plugins/admin/webapp/WEB-INF/lib/admin-jsp.jar:/Users/eason/code/pressure/Pressure/server/openfire_src/target/openfire/plugins/admin/webapp/WEB-INF/lib/commons-fileupload.jar:/Users/eason/code/pressure/Pressure/server/openfire_src/target/openfire/plugins/admin/webapp/WEB-INF/lib/commons-io.jar:/Users/eason/code/pressure/Pressure/server/openfire_src/target/openfire/plugins/admin/webapp/WEB-INF/lib/dwr.jar
2013.11.05 18:50:50 org.jivesoftware.util.log.util.CommonsLogFactory - Scratch dir for the JSP engine is: /Users/eason/code/pressure/Pressure/server/openfire_src/work/jetty-0.0.0.0-9090-webapp-_-any-/jsp
2013.11.05 18:50:50 org.jivesoftware.util.log.util.CommonsLogFactory - IMPORTANT: Do not modify the generated servlets
2013.11.05 18:50:50 org.jivesoftware.util.log.util.CommonsLogFactory - Java version: 1.6.0_65
2013.11.05 18:50:50 org.jivesoftware.util.log.util.CommonsLogFactory - Java vendor: Apple Inc.
2013.11.05 18:50:50 org.jivesoftware.util.log.util.CommonsLogFactory - Java class path: /Users/eason/code/pressure/Pressure/server/openfire_src/bin:/Users/eason/code/pressure/Pressure/server/openfire_src/build/lib/ant-contrib.jar:/Users/eason/code/pressure/Pressure/server/openfire_src/build/lib/ant-jive-edition.jar:/Users/eason/code/pressure/Pressure/server/openfire_src/build/lib/ant-subdirtask.jar:/Users/eason/code/pressure/Pressure/server/openfire_src/build/lib/ant.jar:/Users/eason/code/pressure/Pressure/server/openfire_src/build/lib/cglib-nodep.jar:/Users/eason/code/pressure/Pressure/server/openfire_src/build/lib/commons-el.jar:/Users/eason/code/pressure/Pressure/server/openfire_src/build/lib/dist/activation.jar:/Users/eason/code/pressure/Pressure/server/openfire_src/build/lib/dist/bouncycastle.jar:/Users/eason/code/pressure/Pressure/server/openfire_src/build/lib/dist/hsqldb.jar:/Users/eason/code/pressure/Pressure/server/openfire_src/build/lib/dist/jdic.jar:/Users/eason/code/pressure/Pressure/server/openfire_src/build/lib/dist/jtds.jar:/Users/eason/code/pressure/Pressure/server/openfire_src/build/lib/dist/mail.jar:/Users/eason/code/pressure/Pressure/server/openfire_src/build/lib/dist/postgres.jar:/Users/eason/code/pressure/Pressure/server/openfire_src/build/lib/dist/servlet.jar:/Users/eason/code/pressure/Pressure/server/openfire_src/build/lib/dist/slf4j-log4j12.jar:/Users/eason/code/pressure/Pressure/server/openfire_src/build/lib/hamcrest-api.jar:/Users/eason/code/pressure/Pressure/server/openfire_src/build/lib/hamcrest-library.jar:/Users/eason/code/pressure/Pressure/server/openfire_src/build/lib/i4jruntime.jar:/Users/eason/code/pressure/Pressure/server/openfire_src/build/lib/jasper-compiler.jar:/Users/eason/code/pressure/Pressure/server/openfire_src/build/lib/jasper-runtime.jar:/Users/eason/code/pressure/Pressure/server/openfire_src/build/lib/jaxb-api.jar:/Users/eason/code/pressure/Pressure/server/openfire_src/build/lib/jmock-junit4.jar:/Users/eason/code/pressure/Pressure/server/openfire_src/build/lib/jmock-legacy.jar:/Users/eason/code/pressure/Pressure/server/openfire_src/build/lib/jmock.jar:/Users/eason/code/pressure/Pressure/server/openfire_src/build/lib/junit.jar:/Users/eason/code/pressure/Pressure/server/openfire_src/build/lib/merge/commons-codec.jar:/Users/eason/code/pressure/Pressure/server/openfire_src/build/lib/merge/commons-httpclient.jar:/Users/eason/code/pressure/Pressure/server/openfire_src/build/lib/merge/commons-lang.jar:/Users/eason/code/pressure/Pressure/server/openfire_src/build/lib/merge/commons-logging.jar:/Users/eason/code/pressure/Pressure/server/openfire_src/build/lib/merge/concurrentlinkedhashmap-lru-1.0_jdk5.jar:/Users/eason/code/pressure/Pressure/server/openfire_src/build/lib/merge/dbutil.jar:/Users/eason/code/pressure/Pressure/server/openfire_src/build/lib/merge/dom4j.jar:/Users/eason/code/pressure/Pressure/server/openfire_src/build/lib/merge/jaxen.jar:/Users/eason/code/pressure/Pressure/server/openfire_src/build/lib/merge/jdom.jar:/Users/eason/code/pressure/Pressure/server/openfire_src/build/lib/merge/jetty-continuation.jar:/Users/eason/code/pressure/Pressure/server/openfire_src/build/lib/merge/jetty-http.jar:/Users/eason/code/pressure/Pressure/server/openfire_src/build/lib/merge/jetty-io.jar:/Users/eason/code/pressure/Pressure/server/openfire_src/build/lib/merge/jetty-jmx.jar:/Users/eason/code/pressure/Pressure/server/openfire_src/build/lib/merge/jetty-security.jar:/Users/eason/code/pressure/Pressure/server/openfire_src/build/lib/merge/jetty-server.jar:/Users/eason/code/pressure/Pressure/server/openfire_src/build/lib/merge/jetty-servlet.jar:/Users/eason/code/pressure/Pressure/server/openfire_src/build/lib/merge/jetty-util.jar:/Users/eason/code/pressure/Pressure/server/openfire_src/build/lib/merge/jetty-webapp.jar:/Users/eason/code/pressure/Pressure/server/openfire_src/build/lib/merge/jetty-websocket.jar:/Users/eason/code/pressure/Pressure/server/openfire_src/build/lib/merge/jetty-xml.jar:/Users/eason/code/pressure/Pressure/server/openfire_src/build/lib/merge/jmdns.jar:/Users/eason/code/pressure/Pressure/server/openfire_src/build/lib/merge/jsp-api.jar:/Users/eason/code/pressure/Pressure/server/openfire_src/build/lib/merge/jstl.jar:/Users/eason/code/pressure/Pressure/server/openfire_src/build/lib/merge/jzlib.jar:/Users/eason/code/pressure/Pressure/server/openfire_src/build/lib/merge/libidn.jar:/Users/eason/code/pressure/Pressure/server/openfire_src/build/lib/merge/log4j.jar:/Users/eason/code/pressure/Pressure/server/openfire_src/build/lib/merge/mina-core.jar:/Users/eason/code/pressure/Pressure/server/openfire_src/build/lib/merge/mina-filter-compression.jar:/Users/eason/code/pressure/Pressure/server/openfire_src/build/lib/merge/mina-filter-ssl.jar:/Users/eason/code/pressure/Pressure/server/openfire_src/build/lib/merge/mina-integration-jmx.jar:/Users/eason/code/pressure/Pressure/server/openfire_src/build/lib/merge/proxool.jar:/Users/eason/code/pressure/Pressure/server/openfire_src/build/lib/merge/rome-fetcher.jar:/Users/eason/code/pressure/Pressure/server/openfire_src/build/lib/merge/rome.jar:/Users/eason/code/pressure/Pressure/server/openfire_src/build/lib/merge/shaj.jar:/Users/eason/code/pressure/Pressure/server/openfire_src/build/lib/merge/sitemesh.jar:/Users/eason/code/pressure/Pressure/server/openfire_src/build/lib/merge/slf4j-api.jar:/Users/eason/code/pressure/Pressure/server/openfire_src/build/lib/merge/standard.jar:/Users/eason/code/pressure/Pressure/server/openfire_src/build/lib/merge/stringprep.jar:/Users/eason/code/pressure/Pressure/server/openfire_src/build/lib/merge/tinder.jar:/Users/eason/code/pressure/Pressure/server/openfire_src/build/lib/merge/xpp3.jar:/Users/eason/code/pressure/Pressure/server/openfire_src/build/lib/objenesis.jar:/Users/eason/code/pressure/Pressure/server/openfire_src/build/lib/pack200task.jar:/Users/eason/code/pressure/Pressure/server/openfire_src/build/lib/qdox.jar:/Users/eason/code/pressure/Pressure/server/openfire_src/build/lib/src/commons-lang-sources.jar:/Users/eason/code/pressure/Pressure/server/openfire_src/build/lib/src/mina-core-1.1.7-sources.jar:/Users/eason/code/pressure/Pressure/server/openfire_src/build/lib/src/mina-filter-compression-1.1.7-sources.jar:/Users/eason/code/pressure/Pressure/server/openfire_src/build/lib/src/mina-filter-ssl-1.1.7-sources.jar:/Users/eason/code/pressure/Pressure/server/openfire_src/build/lib/src/mina-integration-jmx-1.1.7-sources.jar:/Users/eason/code/pressure/Pressure/server/openfire_src/build/lib/src/slf4j-api-1.5.8-sources.jar:/Users/eason/code/pressure/Pressure/server/openfire_src/build/lib/src/slf4j-log4j12-1.5.8-sources.jar:/Users/eason/code/pressure/Pressure/server/openfire_src/build/lib/xmltask.jar:/Users/eason/code/pressure/Pressure/server/openfire_src/src/plugins/clientControl/lib/commons-fileupload-1.0.jar:/Users/eason/code/pressure/Pressure/server/openfire_src/src/plugins/fastpath/lib/commons-fileupload-1.0.jar:/Users/eason/code/pressure/Pressure/server/openfire_src/src/plugins/fastpath/lib/lucene.jar:/Users/eason/code/pressure/Pressure/server/openfire_src/src/plugins/fastpath/lib/xstream.jar:/Users/eason/code/pressure/Pressure/server/openfire_src/src/plugins/gojara/lib/json.jar:/Users/eason/code/pressure/Pressure/server/openfire_src/src/plugins/hazelcast/lib/hazelcast-2.5.1.jar:/Users/eason/code/pressure/Pressure/server/openfire_src/src/plugins/hazelcast/lib/hazelcast-cloud-2.5.1.jar:/Users/eason/code/pressure/Pressure/server/openfire_src/src/plugins/jingleNodes/lib/jnsapi.jar:/Users/eason/code/pressure/Pressure/server/openfire_src/src/plugins/justmarried/lib/log4j.jar:/Users/eason/code/pressure/Pressure/server/openfire_src/src/plugins/kraken/lib/concurrent.jar:/Users/eason/code/pressure/Pressure/server/openfire_src/src/plugins/kraken/lib/dwr.jar:/Users/eason/code/pressure/Pressure/server/openfire_src/src/plugins/kraken/lib/httpclient.jar:/Users/eason/code/pressure/Pressure/server/openfire_src/src/plugins/kraken/lib/httpcore.jar:/Users/eason/code/pressure/Pressure/server/openfire_src/src/plugins/kraken/lib/jainsipapi.jar:/Users/eason/code/pressure/Pressure/server/openfire_src/src/plugins/kraken/lib/jainsipri.jar:/Users/eason/code/pressure/Pressure/server/openfire_src/src/plugins/kraken/lib/jakarta-regexp.jar:/Users/eason/code/pressure/Pressure/server/openfire_src/src/plugins/kraken/lib/jcip-annotations.jar:/Users/eason/code/pressure/Pressure/server/openfire_src/src/plugins/kraken/lib/jggapi.jar:/Users/eason/code/pressure/Pressure/server/openfire_src/src/plugins/kraken/lib/jml.jar:/Users/eason/code/pressure/Pressure/server/openfire_src/src/plugins/kraken/lib/joscar-common.jar:/Users/eason/code/pressure/Pressure/server/openfire_src/src/plugins/kraken/lib/joscar-protocol.jar:/Users/eason/code/pressure/Pressure/server/openfire_src/src/plugins/kraken/lib/jqql.jar:/Users/eason/code/pressure/Pressure/server/openfire_src/src/plugins/kraken/lib/jsocks.jar:/Users/eason/code/pressure/Pressure/server/openfire_src/src/plugins/kraken/lib/json.jar:/Users/eason/code/pressure/Pressure/server/openfire_src/src/plugins/kraken/lib/martyr.jar:/Users/eason/code/pressure/Pressure/server/openfire_src/src/plugins/kraken/lib/msim.jar:/Users/eason/code/pressure/Pressure/server/openfire_src/src/plugins/kraken/lib/openymsg.jar:/Users/eason/code/pressure/Pressure/server/openfire_src/src/plugins/kraken/lib/smack.jar:/Users/eason/code/pressure/Pressure/server/openfire_src/src/plugins/kraken/lib/smackx.jar:/Users/eason/code/pressure/Pressure/server/openfire_src/src/plugins/kraken/lib/stcomm.jar:/Users/eason/code/pressure/Pressure/server/openfire_src/src/plugins/kraken/lib/xmlrpc.jar:/Users/eason/code/pressure/Pressure/server/openfire_src/src/plugins/monitoring/lib/dwr.jar:/Users/eason/code/pressure/Pressure/server/openfire_src/src/plugins/monitoring/lib/itext.jar:/Users/eason/code/pressure/Pressure/server/openfire_src/src/plugins/monitoring/lib/jcommon.jar:/Users/eason/code/pressure/Pressure/server/openfire_src/src/plugins/monitoring/lib/jfreechart.jar:/Users/eason/code/pressure/Pressure/server/openfire_src/src/plugins/monitoring/lib/jrobin.jar:/Users/eason/code/pressure/Pressure/server/openfire_src/src/plugins/monitoring/lib/lucene.jar:/Users/eason/code/pressure/Pressure/server/openfire_src/src/plugins/monitoring/lib/picocontainer.jar:/Users/eason/code/pressure/Pressure/server/openfire_src/src/plugins/registration/lib/recaptcha4j.jar:/Users/eason/code/pressure/Pressure/server/openfire_src/src/plugins/sip/lib/JainSipApi1.1.jar:/Users/eason/code/pressure/Pressure/server/openfire_src/src/plugins/sip/lib/nist-sip-1.2.jar:/Users/eason/code/pressure/Pressure/server/openfire_src/src/plugins/stunserver/lib/jstun-0.6.1.jar:/Users/eason/code/pressure/Pressure/server/openfire_src/src/plugins/userImportExport/lib/commons-fileupload-1.0.jar:/Users/eason/code/pressure/Pressure/server/openfire_src/src/plugins/userImportExport/lib/isorelax.jar:/Users/eason/code/pressure/Pressure/server/openfire_src/src/plugins/userImportExport/lib/relaxngDatatype.jar:/Users/eason/code/pressure/Pressure/server/openfire_src/src/plugins/userImportExport/lib/xsdlib.jar:/Users/eason/code/pressure/Pressure/server/openfire_src/src/plugins/userImportExport/lib/msv.jar:/Users/eason/code/pressure/Pressure/server/openfire_src/src/test/throttletest/build/lib/smack.jar:/Users/eason/code/pressure/Pressure/server/openfire_src/src/test/throttletest/build/lib/smackx.jar:/Users/eason/code/pressure/Pressure/server/openfire_src/src/web/WEB-INF/lib/commons-fileupload.jar:/Users/eason/code/pressure/Pressure/server/openfire_src/src/web/WEB-INF/lib/commons-io.jar:/Users/eason/code/pressure/Pressure/server/openfire_src/src/web/WEB-INF/lib/dwr.jar:/Users/eason/code/pressure/Pressure/server/openfire_src/build/lib/coherence.jar:/Users/eason/code/pressure/Pressure/server/openfire_src/build/lib/tangosol.jar:/Users/eason/code/pressure/Pressure/server/openfire_src/build/lib/coherence-work.jar:/Users/eason/code/pressure/Pressure/server/openfire_src/build/lib/dist/mysql-connector-java-5.1.13-bin.jar:/Users/eason/code/pressure/Pressure/server/openfire_src/src/i18n:/Users/eason/code/pressure/Pressure/server/openfire_src/src/resources/jar:/Users/eason/code/pressure/Pressure/server/openfire_src/build/lib/dist
2013.11.05 18:50:50 org.jivesoftware.util.log.util.CommonsLogFactory - Operating system name: Mac OS X
2013.11.05 18:50:50 org.jivesoftware.util.log.util.CommonsLogFactory - Operating system architecture: x86_64
2013.11.05 18:50:50 org.jivesoftware.util.log.util.CommonsLogFactory - Operating system version: 10.8.5
2013.11.05 18:50:50 org.jivesoftware.util.log.util.CommonsLogFactory - SUN 1.6: SUN (DSA key/parameter generation; DSA signing; SHA-1, MD5 digests; SecureRandom; X.509 certificates; JKS keystore; PKIX CertPathValidator; PKIX CertPathBuilder; LDAP, Collection CertStores, JavaPolicy Policy; JavaLoginConfig Configuration)
2013.11.05 18:50:50 org.jivesoftware.util.log.util.CommonsLogFactory - Apple 1.0: Apple Provider (implements DES, Triple DES, AES, Blowfish, PBE, Diffie-Hellman, HMAC/MD5, HMAC/SHA1)
2013.11.05 18:50:50 org.jivesoftware.util.log.util.CommonsLogFactory - SunRsaSign 1.5: Sun RSA signature provider
2013.11.05 18:50:50 org.jivesoftware.util.log.util.CommonsLogFactory - SunJSSE 1.6: Sun JSSE provider(PKCS12, SunX509 key/trust factories, SSLv3, TLSv1)
2013.11.05 18:50:50 org.jivesoftware.util.log.util.CommonsLogFactory - SunJCE 1.6: SunJCE Provider (implements RSA, DES, Triple DES, AES, Blowfish, ARCFOUR, RC2, PBE, Diffie-Hellman, HMAC)
2013.11.05 18:50:50 org.jivesoftware.util.log.util.CommonsLogFactory - SunJGSS 1.0: Sun (Kerberos v5, SPNEGO)
2013.11.05 18:50:50 org.jivesoftware.util.log.util.CommonsLogFactory - SunSASL 1.5: Sun SASL provider(implements client mechanisms for: DIGEST-MD5, GSSAPI, EXTERNAL, PLAIN, CRAM-MD5; server mechanisms for: DIGEST-MD5, GSSAPI, CRAM-MD5)
2013.11.05 18:50:50 org.jivesoftware.util.log.util.CommonsLogFactory - XMLDSig 1.0: XMLDSig (DOM XMLSignatureFactory; DOM KeyInfoFactory)
2013.11.05 18:50:50 org.jivesoftware.util.log.util.CommonsLogFactory - SunPCSC 1.6: Sun PC/SC provider
2013.11.05 18:50:50 org.jivesoftware.util.log.util.CommonsLogFactory - BC 1.46: BouncyCastle Security Provider v1.46
2013.11.05 18:50:50 org.jivesoftware.util.log.util.CommonsLogFactory - Set parameter http.useragent = Jakarta Commons-HttpClient/3.1
2013.11.05 18:50:50 org.jivesoftware.util.log.util.CommonsLogFactory - Set parameter http.protocol.version = HTTP/1.1
2013.11.05 18:50:50 org.jivesoftware.util.log.util.CommonsLogFactory - Set parameter http.connection-manager.class = class org.apache.commons.httpclient.SimpleHttpConnectionManager
2013.11.05 18:50:50 org.jivesoftware.util.log.util.CommonsLogFactory - Set parameter http.protocol.cookie-policy = default
2013.11.05 18:50:50 org.jivesoftware.util.log.util.CommonsLogFactory - Set parameter http.protocol.element-charset = US-ASCII
2013.11.05 18:50:50 org.jivesoftware.util.log.util.CommonsLogFactory - Set parameter http.protocol.content-charset = ISO-8859-1
2013.11.05 18:50:50 org.jivesoftware.util.log.util.CommonsLogFactory - Set parameter http.method.retry-handler = org.apache.commons.httpclient.DefaultHttpMethodRetryHandler@11b5a415
2013.11.05 18:50:50 org.jivesoftware.util.log.util.CommonsLogFactory - Set parameter http.dateparser.patterns = [EEE, dd MMM yyyy HH:mm:ss zzz, EEEE, dd-MMM-yy HH:mm:ss zzz, EEE MMM d HH:mm:ss yyyy, EEE, dd-MMM-yyyy HH:mm:ss z, EEE, dd-MMM-yyyy HH-mm-ss z, EEE, dd MMM yy HH:mm:ss z, EEE dd-MMM-yyyy HH:mm:ss z, EEE dd MMM yyyy HH:mm:ss z, EEE dd-MMM-yyyy HH-mm-ss z, EEE dd-MMM-yy HH:mm:ss z, EEE dd MMM yy HH:mm:ss z, EEE,dd-MMM-yy HH:mm:ss z, EEE,dd-MMM-yyyy HH:mm:ss z, EEE, dd-MM-yyyy HH:mm:ss z]
2013.11.05 18:50:50 org.jivesoftware.util.log.util.CommonsLogFactory - Set parameter http.connection.timeout = 2000
2013.11.05 18:50:50 org.jivesoftware.util.log.util.CommonsLogFactory - Set parameter http.socket.timeout = 2000
2013.11.05 18:50:51 org.jivesoftware.openfire.container.PluginManager - PluginManager: Loading plugin broadcast
2013.11.05 18:50:51 org.jivesoftware.openfire.component.InternalComponentManager - InternalComponentManager: Registering component for domain: broadcast
2013.11.05 18:50:51 org.jivesoftware.openfire.component.InternalComponentManager - InternalComponentManager: Component registered for domain: broadcast
2013.11.05 18:50:51 org.jivesoftware.openfire.container.PluginManager - PluginManager: Loading plugin userservice
2013.11.05 18:50:51 org.jivesoftware.util.CertificateManager - Check for certificate for '*' using algorithm RSA returned: true
2013.11.05 18:50:51 org.jivesoftware.util.CertificateManager - Parsing otherName for subject alternative names: 1.3.6.1.5.5.7.8.5
2013.11.05 18:50:51 org.jivesoftware.util.CertificateManager - ... processing DERTaggedObject: [0][0]*.lover
2013.11.05 18:50:51 org.jivesoftware.util.CertificateManager - Parsing otherName for subject alternative names: 1.3.6.1.5.5.7.8.5
2013.11.05 18:50:51 org.jivesoftware.util.CertificateManager - ... processing DERTaggedObject: [0][0]*.lover
2013.11.05 18:50:51 org.jivesoftware.util.CertificateManager - Parsing otherName for subject alternative names: 1.3.6.1.5.5.7.8.5
2013.11.05 18:50:51 org.jivesoftware.util.CertificateManager - ... processing DERTaggedObject: [0][0]*.127.0.0.1
2013.11.05 18:50:51 org.jivesoftware.util.CertificateManager - Parsing otherName for subject alternative names: 1.3.6.1.5.5.7.8.5
2013.11.05 18:50:51 org.jivesoftware.util.CertificateManager - ... processing DERTaggedObject: [0][0]*.127.0.0.1
2013.11.05 18:50:51 org.jivesoftware.util.CertificateManager - Check for certificate for 'pressure' using algorithm RSA returned: false
2013.11.05 18:50:51 org.jivesoftware.util.log.util.CommonsLogFactory - Parent class loader is: WebAppClassLoader=241356298@e62ce0a
2013.11.05 18:50:51 org.jivesoftware.util.log.util.CommonsLogFactory - Compilation classpath initialized: /Users/eason/code/pressure/Pressure/server/openfire_src/work/jetty-0.0.0.0-7070-spank-_-any-/jsp:null
2013.11.05 18:50:51 org.jivesoftware.util.log.util.CommonsLogFactory - Scratch dir for the JSP engine is: /Users/eason/code/pressure/Pressure/server/openfire_src/work/jetty-0.0.0.0-7070-spank-_-any-/jsp
2013.11.05 18:50:51 org.jivesoftware.util.log.util.CommonsLogFactory - IMPORTANT: Do not modify the generated servlets
2013.11.05 18:50:58 org.jivesoftware.openfire.SessionManager - SessionManager: Stopping server
2013.11.05 18:50:58 org.jivesoftware.util.log.util.CommonsLogFactory - Running ShutdownHook
2013.11.05 18:50:58 org.jivesoftware.util.log.util.CommonsLogFactory - Shutting down 'openfire' pool immediately [Shutdown Hook]
2013.11.05 18:50:58 org.jivesoftware.openfire.pep.IQPEPHandler - Stopping executor service...
2013.11.05 18:50:58 org.jivesoftware.util.log.util.CommonsLogFactory - 000038 (00/04/00) - #0005 removed because of shutdown.
2013.11.05 18:50:58 org.jivesoftware.util.log.util.CommonsLogFactory - Connection #5 closed
2013.11.05 18:50:58 org.jivesoftware.util.log.util.CommonsLogFactory - 000038 (00/03/00) - #0004 removed because of shutdown.
2013.11.05 18:50:58 org.jivesoftware.util.log.util.CommonsLogFactory - Connection #4 closed
2013.11.05 18:50:58 org.jivesoftware.util.log.util.CommonsLogFactory - 000038 (00/02/00) - #0003 removed because of shutdown.
2013.11.05 18:50:58 org.jivesoftware.util.log.util.CommonsLogFactory - Connection #3 closed
2013.11.05 18:50:58 org.jivesoftware.util.log.util.CommonsLogFactory - 000038 (00/01/00) - #0002 removed because of shutdown.
2013.11.05 18:50:58 org.jivesoftware.util.log.util.CommonsLogFactory - Connection #2 closed
2013.11.05 18:50:58 org.jivesoftware.util.log.util.CommonsLogFactory - 000038 (00/00/00) - #0001 removed because of shutdown.
2013.11.05 18:50:58 org.jivesoftware.util.log.util.CommonsLogFactory - Connection #1 closed
2013.11.05 18:50:58 org.jivesoftware.util.log.util.CommonsLogFactory - 'openfire' pool has been closed down by Shutdown Hook in 4 milliseconds.
2013.11.05 18:50:58 org.jivesoftware.util.log.util.CommonsLogFactory - Stopping Prototyper thread
2013.11.05 18:50:58 org.jivesoftware.util.log.util.CommonsLogFactory - Stopping HouseKeeper thread
2013.11.05 18:50:58 org.jivesoftware.util.log.util.CommonsLogFactory - Recognised proxool property: proxool.driver=com.mysql.jdbc.Driver
2013.11.05 18:50:58 org.jivesoftware.util.log.util.CommonsLogFactory - Recognised proxool property: proxool.url=jdbc:mysql://127.0.01:3306/openfire?rewriteBatchedStatements=true&useUnicode=true&characterEncoding=utf-8
2013.11.05 18:50:58 org.jivesoftware.util.log.util.CommonsLogFactory - Recognised proxool property: proxool.minimum-connection-count=5
2013.11.05 18:50:58 org.jivesoftware.util.log.util.CommonsLogFactory - Delegating property to driver: user=root
2013.11.05 18:50:58 org.jivesoftware.util.log.util.CommonsLogFactory - Recognised proxool property: proxool.maximum-connection-lifetime=86400000
2013.11.05 18:50:58 org.jivesoftware.util.log.util.CommonsLogFactory - Delegating property to driver: password=********
2013.11.05 18:50:58 org.jivesoftware.util.log.util.CommonsLogFactory - Recognised proxool property: proxool.maximum-connection-count=25
2013.11.05 18:50:58 org.jivesoftware.util.log.util.CommonsLogFactory - Recognised proxool property: proxool.house-keeping-test-sql=select 1
2013.11.05 18:50:58 org.jivesoftware.util.log.util.CommonsLogFactory - Registering 'openfire' house keeper
2013.11.05 18:50:58 org.jivesoftware.util.log.util.CommonsLogFactory - Starting a house keeper thread
2013.11.05 18:50:58 org.jivesoftware.util.log.util.CommonsLogFactory - Remembering default value: getTransactionIsolation() = 4
2013.11.05 18:50:58 org.jivesoftware.util.log.util.CommonsLogFactory - Remembering default value: getHoldability() = 2
2013.11.05 18:50:58 org.jivesoftware.util.log.util.CommonsLogFactory - Remembering default value: getCatalog() = openfire
2013.11.05 18:50:58 org.jivesoftware.util.log.util.CommonsLogFactory - Remembering default value: isReadOnly() = false
2013.11.05 18:50:58 org.jivesoftware.util.log.util.CommonsLogFactory - Remembering default value: getTypeMap() = {}
2013.11.05 18:50:58 org.jivesoftware.util.log.util.CommonsLogFactory - 000000 (01/01/00) - Connection #1 created on demand = ACTIVE
2013.11.05 18:50:58 org.jivesoftware.util.log.util.CommonsLogFactory - Closing statement 39d3030a (belonging to connection 1) automatically
2013.11.05 18:50:58 org.jivesoftware.openfire.muc.MultiUserChatManager - MultiUserChatManager: Unregistering MUC service conference
2013.11.05 18:50:58 org.jivesoftware.openfire.component.InternalComponentManager - InternalComponentManager: Unregistering component for domain: conference
2013.11.05 18:50:58 org.jivesoftware.openfire.component.InternalComponentManager - InternalComponentManager: Component unregistered for domain: conference
2013.11.05 18:50:58 org.jivesoftware.openfire.muc.MultiUserChatManager - MultiUserChatManager: Unregistering MUC service clearspace-conference
2013.11.05 18:50:58 org.jivesoftware.util.log.util.CommonsLogFactory - JspServlet.destroy()
2013.11.05 18:50:58 org.jivesoftware.util.log.util.CommonsLogFactory - JspServlet.destroy()
2013.11.05 18:50:58 org.jivesoftware.openfire.component.InternalComponentManager - InternalComponentManager: Unregistering component for domain: broadcast
2013.11.05 18:50:58 org.jivesoftware.openfire.component.InternalComponentManager - InternalComponentManager: Component unregistered for domain: broadcast
